<?xml version="1.0" encoding="UTF-8"?>
<!-- Generated by org.testng.reporters.JUnitXMLReporter -->
<testsuite hostname="DESKTOP-U1DLNAG" ignored="0" name="Test" tests="1" failures="0" timestamp="25 Nov 2017 18:16:33 GMT" time="0.054" errors="0">
  <testcase name="@BeforeMethod launchApp" time="0.022" classname="com.Flipkart.testScripts.HomeTest">
    <failure type="java.io.FileNotFoundException" message="D:\EclipseWorkSpace\Flipkart\src\com\Filpkat\testData\config.properties (The system cannot find the path specified)">
      <![CDATA[java.io.FileNotFoundException: D:\EclipseWorkSpace\Flipkart\src\com\Filpkat\testData\config.properties (The system cannot find the path specified)
	at java.io.FileInputStream.open0(Native Method)
	at java.io.FileInputStream.open(FileInputStream.java:195)
	at java.io.FileInputStream.<init>(FileInputStream.java:138)
	at com.Flipkart.functionLibrary.CommonFunction.propertyValue(CommonFunction.java:26)
	at com.Flipkart.functionLibrary.CommonFunction.openBrowser(CommonFunction.java:34)
	at com.Flipkart.testScripts.HomeTest.launchApp(HomeTest.java:17)
... Removed 27 stack frames]]>
    </failure>
  </testcase> <!-- @BeforeMethod launchApp -->
  <testcase name="@AfterMethod quitApp" time="0.0" classname="com.Flipkart.testScripts.HomeTest">
    <skipped/>
  </testcase> <!-- @AfterMethod quitApp -->
  <testcase name="successfulLogin" time="0.0" classname="com.Flipkart.testScripts.HomeTest">
    <skipped/>
  </testcase> <!-- successfulLogin -->
</testsuite> <!-- Test -->
